<?xml version="1.0" encoding="UTF-8"?>
<testsuite xmlns:xsi="http://www.w3.org/2001/XMLSchema-instance" xsi:noNamespaceSchemaLocation="https://maven.apache.org/surefire/maven-surefire-plugin/xsd/surefire-test-report-3.0.xsd" version="3.0" name="com.devsenior.yecm.services.UserServicesTest" time="0.14" tests="5" errors="0" skipped="0" failures="0">
  <properties>
[...]
</properties>
  <testcase name="testGetUsers" classname="com.devsenior.yecm.services.UserServicesTest" time="0.034"/>
  <testcase name="testAddUser" classname="com.devsenior.yecm.services.UserServicesTest" time="0.0"/>
  <testcase name="testUpdateUserName" classname="com.devsenior.yecm.services.UserServicesTest" time="0.008"/>
  <testcase name="testGetUserById" classname="com.devsenior.yecm.services.UserServicesTest" time="0.008"/>
  <testcase name="testUpdateUserEmail" classname="com.devsenior.yecm.services.UserServicesTest" time="0.008"/>
</testsuite>